This file contains any messages produced by compilers while
running configure, to aid debugging if configure makes a mistake.

It was created by SPQR configure 1.0, which was
generated by GNU Autoconf 2.69.  Invocation command line was

  $ ./configure 

## --------- ##
## Platform. ##
## --------- ##

hostname = jujuthesecond
uname -m = x86_64
uname -r = 4.4.0-146-generic
uname -s = Linux
uname -v = #172-Ubuntu SMP Wed Apr 3 09:00:08 UTC 2019

/usr/bin/uname -p = unknown
/bin/uname -X     = unknown

/bin/arch              = unknown
/usr/bin/arch -k       = unknown
/usr/convex/getsysinfo = unknown
/usr/bin/hostinfo      = unknown
/bin/machine           = unknown
/usr/bin/oslevel       = unknown
/bin/universe          = unknown

PATH: /home/spoblete/bin
PATH: /usr/local/sbin
PATH: /usr/local/bin
PATH: /usr/sbin
PATH: /usr/bin
PATH: /sbin
PATH: /bin
PATH: /usr/games
PATH: /usr/local/games
PATH: /snap/bin
PATH: /usr/lib/jvm/java-8-oracle/bin
PATH: /usr/lib/jvm/java-8-oracle/db/bin
PATH: /usr/lib/jvm/java-8-oracle/jre/bin


## ----------- ##
## Core tests. ##
## ----------- ##

configure:2147: checking for gcc
configure:2163: found /usr/bin/gcc
configure:2174: result: gcc
configure:2403: checking for C compiler version
configure:2412: gcc --version >&5
gcc (Ubuntu 5.4.0-6ubuntu1~16.04.11) 5.4.0 20160609
Copyright (C) 2015 Free Software Foundation, Inc.
This is free software; see the source for copying conditions.  There is NO
warranty; not even for MERCHANTABILITY or FITNESS FOR A PARTICULAR PURPOSE.

configure:2423: $? = 0
configure:2412: gcc -v >&5
Using built-in specs.
COLLECT_GCC=gcc
COLLECT_LTO_WRAPPER=/usr/lib/gcc/x86_64-linux-gnu/5/lto-wrapper
Target: x86_64-linux-gnu
Configured with: ../src/configure -v --with-pkgversion='Ubuntu 5.4.0-6ubuntu1~16.04.11' --with-bugurl=file:///usr/share/doc/gcc-5/README.Bugs --enable-languages=c,ada,c++,java,go,d,fortran,objc,obj-c++ --prefix=/usr --program-suffix=-5 --enable-shared --enable-linker-build-id --libexecdir=/usr/lib --without-included-gettext --enable-threads=posix --libdir=/usr/lib --enable-nls --with-sysroot=/ --enable-clocale=gnu --enable-libstdcxx-debug --enable-libstdcxx-time=yes --with-default-libstdcxx-abi=new --enable-gnu-unique-object --disable-vtable-verify --enable-libmpx --enable-plugin --with-system-zlib --disable-browser-plugin --enable-java-awt=gtk --enable-gtk-cairo --with-java-home=/usr/lib/jvm/java-1.5.0-gcj-5-amd64/jre --enable-java-home --with-jvm-root-dir=/usr/lib/jvm/java-1.5.0-gcj-5-amd64 --with-jvm-jar-dir=/usr/lib/jvm-exports/java-1.5.0-gcj-5-amd64 --with-arch-directory=amd64 --with-ecj-jar=/usr/share/java/eclipse-ecj.jar --enable-objc-gc --enable-multiarch --disable-werror --with-arch-32=i686 --with-abi=m64 --with-multilib-list=m32,m64,mx32 --enable-multilib --with-tune=generic --enable-checking=release --build=x86_64-linux-gnu --host=x86_64-linux-gnu --target=x86_64-linux-gnu
Thread model: posix
gcc version 5.4.0 20160609 (Ubuntu 5.4.0-6ubuntu1~16.04.11) 
configure:2423: $? = 0
configure:2412: gcc -V >&5
gcc: error: unrecognized command line option '-V'
gcc: fatal error: no input files
compilation terminated.
configure:2423: $? = 1
configure:2412: gcc -qversion >&5
gcc: error: unrecognized command line option '-qversion'
gcc: fatal error: no input files
compilation terminated.
configure:2423: $? = 1
configure:2443: checking whether the C compiler works
configure:2465: gcc    conftest.c  >&5
configure:2469: $? = 0
configure:2517: result: yes
configure:2520: checking for C compiler default output file name
configure:2522: result: a.out
configure:2528: checking for suffix of executables
configure:2535: gcc -o conftest    conftest.c  >&5
configure:2539: $? = 0
configure:2561: result: 
configure:2583: checking whether we are cross compiling
configure:2591: gcc -o conftest    conftest.c  >&5
configure:2595: $? = 0
configure:2602: ./conftest
configure:2606: $? = 0
configure:2621: result: no
configure:2626: checking for suffix of object files
configure:2648: gcc -c   conftest.c >&5
configure:2652: $? = 0
configure:2673: result: o
configure:2677: checking whether we are using the GNU C compiler
configure:2696: gcc -c   conftest.c >&5
configure:2696: $? = 0
configure:2705: result: yes
configure:2714: checking whether gcc accepts -g
configure:2734: gcc -c -g  conftest.c >&5
configure:2734: $? = 0
configure:2775: result: yes
configure:2792: checking for gcc option to accept ISO C89
configure:2855: gcc  -c -g -O2  conftest.c >&5
configure:2855: $? = 0
configure:2868: result: none needed
configure:2908: checking how to run the C preprocessor
configure:2939: gcc -E  conftest.c
configure:2939: $? = 0
configure:2953: gcc -E  conftest.c
conftest.c:9:28: fatal error: ac_nonexistent.h: No such file or directory
compilation terminated.
configure:2953: $? = 1
configure: failed program was:
| /* confdefs.h */
| #define PACKAGE_NAME "SPQR"
| #define PACKAGE_TARNAME "spqr"
| #define PACKAGE_VERSION "1.0"
| #define PACKAGE_STRING "SPQR 1.0"
| #define PACKAGE_BUGREPORT "spoblete@dlab.cl"
| #define PACKAGE_URL ""
| /* end confdefs.h.  */
| #include <ac_nonexistent.h>
configure:2978: result: gcc -E
configure:2998: gcc -E  conftest.c
configure:2998: $? = 0
configure:3012: gcc -E  conftest.c
conftest.c:9:28: fatal error: ac_nonexistent.h: No such file or directory
compilation terminated.
configure:3012: $? = 1
configure: failed program was:
| /* confdefs.h */
| #define PACKAGE_NAME "SPQR"
| #define PACKAGE_TARNAME "spqr"
| #define PACKAGE_VERSION "1.0"
| #define PACKAGE_STRING "SPQR 1.0"
| #define PACKAGE_BUGREPORT "spoblete@dlab.cl"
| #define PACKAGE_URL ""
| /* end confdefs.h.  */
| #include <ac_nonexistent.h>
configure:3041: checking for grep that handles long lines and -e
configure:3099: result: /bin/grep
configure:3104: checking for egrep
configure:3166: result: /bin/grep -E
configure:3171: checking for ANSI C header files
configure:3191: gcc -c -g -O2  conftest.c >&5
configure:3191: $? = 0
configure:3264: gcc -o conftest -g -O2   conftest.c  >&5
configure:3264: $? = 0
configure:3264: ./conftest
configure:3264: $? = 0
configure:3275: result: yes
configure:3288: checking for sys/types.h
configure:3288: gcc -c -g -O2  conftest.c >&5
configure:3288: $? = 0
configure:3288: result: yes
configure:3288: checking for sys/stat.h
configure:3288: gcc -c -g -O2  conftest.c >&5
configure:3288: $? = 0
configure:3288: result: yes
configure:3288: checking for stdlib.h
configure:3288: gcc -c -g -O2  conftest.c >&5
configure:3288: $? = 0
configure:3288: result: yes
configure:3288: checking for string.h
configure:3288: gcc -c -g -O2  conftest.c >&5
configure:3288: $? = 0
configure:3288: result: yes
configure:3288: checking for memory.h
configure:3288: gcc -c -g -O2  conftest.c >&5
configure:3288: $? = 0
configure:3288: result: yes
configure:3288: checking for strings.h
configure:3288: gcc -c -g -O2  conftest.c >&5
configure:3288: $? = 0
configure:3288: result: yes
configure:3288: checking for inttypes.h
configure:3288: gcc -c -g -O2  conftest.c >&5
configure:3288: $? = 0
configure:3288: result: yes
configure:3288: checking for stdint.h
configure:3288: gcc -c -g -O2  conftest.c >&5
configure:3288: $? = 0
configure:3288: result: yes
configure:3288: checking for unistd.h
configure:3288: gcc -c -g -O2  conftest.c >&5
configure:3288: $? = 0
configure:3288: result: yes
configure:3300: checking mpi.h usability
configure:3300: gcc -c -g -O2  conftest.c >&5
conftest.c:52:17: fatal error: mpi.h: No such file or directory
compilation terminated.
configure:3300: $? = 1
configure: failed program was:
| /* confdefs.h */
| #define PACKAGE_NAME "SPQR"
| #define PACKAGE_TARNAME "spqr"
| #define PACKAGE_VERSION "1.0"
| #define PACKAGE_STRING "SPQR 1.0"
| #define PACKAGE_BUGREPORT "spoblete@dlab.cl"
| #define PACKAGE_URL ""
| #define STDC_HEADERS 1
| #define HAVE_SYS_TYPES_H 1
| #define HAVE_SYS_STAT_H 1
| #define HAVE_STDLIB_H 1
| #define HAVE_STRING_H 1
| #define HAVE_MEMORY_H 1
| #define HAVE_STRINGS_H 1
| #define HAVE_INTTYPES_H 1
| #define HAVE_STDINT_H 1
| #define HAVE_UNISTD_H 1
| /* end confdefs.h.  */
| #include <stdio.h>
| #ifdef HAVE_SYS_TYPES_H
| # include <sys/types.h>
| #endif
| #ifdef HAVE_SYS_STAT_H
| # include <sys/stat.h>
| #endif
| #ifdef STDC_HEADERS
| # include <stdlib.h>
| # include <stddef.h>
| #else
| # ifdef HAVE_STDLIB_H
| #  include <stdlib.h>
| # endif
| #endif
| #ifdef HAVE_STRING_H
| # if !defined STDC_HEADERS && defined HAVE_MEMORY_H
| #  include <memory.h>
| # endif
| # include <string.h>
| #endif
| #ifdef HAVE_STRINGS_H
| # include <strings.h>
| #endif
| #ifdef HAVE_INTTYPES_H
| # include <inttypes.h>
| #endif
| #ifdef HAVE_STDINT_H
| # include <stdint.h>
| #endif
| #ifdef HAVE_UNISTD_H
| # include <unistd.h>
| #endif
| #include <mpi.h>
configure:3300: result: no
configure:3300: checking mpi.h presence
configure:3300: gcc -E  conftest.c
conftest.c:19:17: fatal error: mpi.h: No such file or directory
compilation terminated.
configure:3300: $? = 1
configure: failed program was:
| /* confdefs.h */
| #define PACKAGE_NAME "SPQR"
| #define PACKAGE_TARNAME "spqr"
| #define PACKAGE_VERSION "1.0"
| #define PACKAGE_STRING "SPQR 1.0"
| #define PACKAGE_BUGREPORT "spoblete@dlab.cl"
| #define PACKAGE_URL ""
| #define STDC_HEADERS 1
| #define HAVE_SYS_TYPES_H 1
| #define HAVE_SYS_STAT_H 1
| #define HAVE_STDLIB_H 1
| #define HAVE_STRING_H 1
| #define HAVE_MEMORY_H 1
| #define HAVE_STRINGS_H 1
| #define HAVE_INTTYPES_H 1
| #define HAVE_STDINT_H 1
| #define HAVE_UNISTD_H 1
| /* end confdefs.h.  */
| #include <mpi.h>
configure:3300: result: no
configure:3300: checking for mpi.h
configure:3300: result: no
configure:3467: creating ./config.status

## ---------------------- ##
## Running config.status. ##
## ---------------------- ##

This file was extended by SPQR config.status 1.0, which was
generated by GNU Autoconf 2.69.  Invocation command line was

  CONFIG_FILES    = 
  CONFIG_HEADERS  = 
  CONFIG_LINKS    = 
  CONFIG_COMMANDS = 
  $ ./config.status 

on jujuthesecond

config.status:724: creating Makefile

## ---------------- ##
## Cache variables. ##
## ---------------- ##

ac_cv_c_compiler_gnu=yes
ac_cv_env_CC_set=
ac_cv_env_CC_value=
ac_cv_env_CFLAGS_set=
ac_cv_env_CFLAGS_value=
ac_cv_env_CPPFLAGS_set=
ac_cv_env_CPPFLAGS_value=
ac_cv_env_CPP_set=
ac_cv_env_CPP_value=
ac_cv_env_LDFLAGS_set=
ac_cv_env_LDFLAGS_value=
ac_cv_env_LIBS_set=
ac_cv_env_LIBS_value=
ac_cv_env_build_alias_set=
ac_cv_env_build_alias_value=
ac_cv_env_host_alias_set=
ac_cv_env_host_alias_value=
ac_cv_env_target_alias_set=
ac_cv_env_target_alias_value=
ac_cv_header_inttypes_h=yes
ac_cv_header_memory_h=yes
ac_cv_header_mpi_h=no
ac_cv_header_stdc=yes
ac_cv_header_stdint_h=yes
ac_cv_header_stdlib_h=yes
ac_cv_header_string_h=yes
ac_cv_header_strings_h=yes
ac_cv_header_sys_stat_h=yes
ac_cv_header_sys_types_h=yes
ac_cv_header_unistd_h=yes
ac_cv_objext=o
ac_cv_path_EGREP='/bin/grep -E'
ac_cv_path_GREP=/bin/grep
ac_cv_prog_CPP='gcc -E'
ac_cv_prog_ac_ct_CC=gcc
ac_cv_prog_cc_c89=
ac_cv_prog_cc_g=yes

## ----------------- ##
## Output variables. ##
## ----------------- ##

CC='gcc'
CFLAGS='-g -O2'
CPP='gcc -E'
CPPFLAGS=''
DEFS='-DPACKAGE_NAME=\"SPQR\" -DPACKAGE_TARNAME=\"spqr\" -DPACKAGE_VERSION=\"1.0\" -DPACKAGE_STRING=\"SPQR\ 1.0\" -DPACKAGE_BUGREPORT=\"spoblete@dlab.cl\" -DPACKAGE_URL=\"\" -DSTDC_HEADERS=1 -DHAVE_SYS_TYPES_H=1 -DHAVE_SYS_STAT_H=1 -DHAVE_STDLIB_H=1 -DHAVE_STRING_H=1 -DHAVE_MEMORY_H=1 -DHAVE_STRINGS_H=1 -DHAVE_INTTYPES_H=1 -DHAVE_STDINT_H=1 -DHAVE_UNISTD_H=1'
ECHO_C=''
ECHO_N='-n'
ECHO_T=''
EGREP='/bin/grep -E'
EXEEXT=''
GREP='/bin/grep'
LDFLAGS=''
LIBOBJS=''
LIBS=''
LTLIBOBJS=''
OBJEXT='o'
PACKAGE_BUGREPORT='spoblete@dlab.cl'
PACKAGE_NAME='SPQR'
PACKAGE_STRING='SPQR 1.0'
PACKAGE_TARNAME='spqr'
PACKAGE_URL=''
PACKAGE_VERSION='1.0'
PATH_SEPARATOR=':'
SHELL='/bin/bash'
ac_ct_CC='gcc'
bindir='${exec_prefix}/bin'
build_alias=''
datadir='${datarootdir}'
datarootdir='${prefix}/share'
docdir='${datarootdir}/doc/${PACKAGE_TARNAME}'
dvidir='${docdir}'
exec_prefix='${prefix}'
host_alias=''
htmldir='${docdir}'
includedir='${prefix}/include'
infodir='${datarootdir}/info'
libdir='${exec_prefix}/lib'
libexecdir='${exec_prefix}/libexec'
localedir='${datarootdir}/locale'
localstatedir='${prefix}/var'
mandir='${datarootdir}/man'
oldincludedir='/usr/include'
pdfdir='${docdir}'
prefix='/usr/local'
program_transform_name='s,x,x,'
psdir='${docdir}'
runstatedir='${localstatedir}/run'
sbindir='${exec_prefix}/sbin'
sharedstatedir='${prefix}/com'
sysconfdir='${prefix}/etc'
target_alias=''

## ----------- ##
## confdefs.h. ##
## ----------- ##

/* confdefs.h */
#define PACKAGE_NAME "SPQR"
#define PACKAGE_TARNAME "spqr"
#define PACKAGE_VERSION "1.0"
#define PACKAGE_STRING "SPQR 1.0"
#define PACKAGE_BUGREPORT "spoblete@dlab.cl"
#define PACKAGE_URL ""
#define STDC_HEADERS 1
#define HAVE_SYS_TYPES_H 1
#define HAVE_SYS_STAT_H 1
#define HAVE_STDLIB_H 1
#define HAVE_STRING_H 1
#define HAVE_MEMORY_H 1
#define HAVE_STRINGS_H 1
#define HAVE_INTTYPES_H 1
#define HAVE_STDINT_H 1
#define HAVE_UNISTD_H 1

configure: exit 0
